2026-06-16 09:32:28 ::1 GET /main-project/Invoxa/backend/api/get-company-profile.php 
2026-06-16 09:34:22 ::1 GET /main-project/Invoxa/backend/api/get-company-profile.php 
2026-06-16 09:35:38 ::1 GET /main-project/Invoxa/backend/api/get-company-profile.php 
2026-06-16 09:37:57 ::1 POST /main-project/Invoxa/backend/api/save-company-profile.php 
2026-06-16 09:44:12 ::1 POST /main-project/Invoxa/backend/api/save-company-profile.php 
2026-06-16 09:50:00 ::1 POST /main-project/Invoxa/backend/api/save-company-profile.php 
2026-06-16 09:50:07 ::1 GET /main-project/Invoxa/backend/api/get-company-profile.php 
2026-06-16 10:06:12 ::1 GET /main-project/Invoxa/backend/api/get-company-profile.php 
2026-06-16 10:12:37 ::1 GET /main-project/Invoxa/backend/api/get-company-profile.php 
2026-06-16 10:13:02 ::1 GET /main-project/Invoxa/backend/api/get-company-profile.php 
2026-06-16 10:13:02 ::1 GET /main-project/Invoxa/backend/api/get-company-profile.php 
2026-06-16 10:14:31 ::1 GET /main-project/Invoxa/backend/api/get-company-profile.php 
2026-06-16 10:16:19 ::1 GET /main-project/Invoxa/backend/api/get-company-profile.php 
2026-06-16 10:16:29 ::1 GET /main-project/Invoxa/backend/api/get-company-profile.php 
2026-06-16 10:16:31 ::1 GET /main-project/Invoxa/backend/api/get-company-profile.php 
2026-06-16 10:16:34 ::1 GET /main-project/Invoxa/backend/api/get-company-profile.php 
2026-06-16 10:16:35 ::1 GET /main-project/Invoxa/backend/api/get-company-profile.php 
2026-06-16 10:16:36 ::1 GET /main-project/Invoxa/backend/api/get-company-profile.php 
2026-06-16 10:16:36 ::1 GET /main-project/Invoxa/backend/api/get-company-profile.php 
2026-06-16 10:16:36 ::1 GET /main-project/Invoxa/backend/api/get-company-profile.php 
2026-06-16 10:16:38 ::1 GET /main-project/Invoxa/backend/api/get-company-profile.php 
2026-06-16 10:16:39 ::1 GET /main-project/Invoxa/backend/api/get-company-profile.php 
2026-06-16 10:16:39 ::1 GET /main-project/Invoxa/backend/api/get-user-profile.php 
2026-06-16 10:16:40 ::1 GET /main-project/Invoxa/backend/api/get-user-profile.php 
2026-06-16 10:16:41 ::1 GET /main-project/Invoxa/backend/api/get-user-profile.php 
2026-06-16 10:19:48 ::1 GET /main-project/Invoxa/backend/api/get-company-profile.php 
2026-06-16 10:34:18 ::1 GET /main-project/Invoxa/backend/api/get-user-profile.php 
2026-06-16 11:21:53 ::1 GET /main-project/Invoxa/backend/api/get-company-profile.php 
2026-06-16 11:24:01 ::1 GET /main-project/Invoxa/backend/api/get-user-profile.php 
2026-06-16 11:24:20 ::1 GET /main-project/Invoxa/backend/api/get-company-profile.php 
2026-06-16 11:25:29 ::1 GET /main-project/Invoxa/backend/api/get-user-profile.php 
2026-06-16 11:26:52 ::1 GET /main-project/Invoxa/backend/api/get-user-profile.php 
2026-06-16 11:27:43 ::1 GET /main-project/Invoxa/backend/api/get-users.php 
2026-06-16 11:27:57 ::1 GET /main-project/Invoxa/backend/api/get-user-profile.php 
2026-06-16 11:27:58 ::1 GET /main-project/Invoxa/backend/api/get-users.php 
2026-06-16 11:34:48 ::1 GET /main-project/Invoxa/backend/api/get-company-profile.php 
2026-06-16 11:34:50 ::1 GET /main-project/Invoxa/backend/api/get-user-profile.php 
2026-06-16 11:34:57 ::1 GET /main-project/Invoxa/backend/api/get-users.php 
2026-06-16 11:36:09 ::1 GET /main-project/Invoxa/backend/api/get-users.php 
2026-06-16 11:39:01 ::1 POST /main-project/Invoxa/backend/api/delete-user.php 
2026-06-16 11:39:01 ::1 GET /main-project/Invoxa/backend/api/get-users.php 
2026-06-16 11:39:11 ::1 POST /main-project/Invoxa/backend/api/delete-user.php 
2026-06-16 11:39:11 ::1 GET /main-project/Invoxa/backend/api/get-users.php 
2026-06-16 11:39:59 ::1 POST /main-project/Invoxa/backend/api/add-user.php 
2026-06-16 11:40:00 ::1 GET /main-project/Invoxa/backend/api/get-users.php 
2026-06-16 11:42:12 ::1 GET /main-project/Invoxa/backend/api/get-company-profile.php 
2026-06-16 11:49:33 ::1 GET /main-project/Invoxa/backend/api/get-users.php 
2026-06-16 11:53:55 ::1 GET /main-project/Invoxa/backend/api/get-user-profile.php 
2026-06-16 11:55:14 ::1 GET /main-project/Invoxa/backend/api/get-users.php 
2026-06-16 11:57:31 ::1 GET /main-project/Invoxa/backend/api/get-company-profile.php 
2026-06-16 11:58:44 ::1 POST /main-project/Invoxa/backend/api/save-company-profile.php 
2026-06-16 12:00:05 ::1 POST /main-project/Invoxa/backend/api/create-invoice.php 
2026-06-16 12:00:52 ::1 GET /main-project/Invoxa/backend/api/get-users.php 
2026-06-16 12:04:48 ::1 GET /main-project/Invoxa/backend/api/get-users.php 
2026-06-16 12:05:24 ::1 GET /main-project/Invoxa/backend/api/get-users.php 
2026-06-16 12:11:23 ::1 GET /main-project/Invoxa/backend/api/get-user-profile.php 
2026-06-16 12:11:26 ::1 GET /main-project/Invoxa/backend/api/get-users.php 
2026-06-16 12:11:28 ::1 GET /main-project/Invoxa/backend/api/get-user-profile.php 
2026-06-16 12:11:29 ::1 GET /main-project/Invoxa/backend/api/get-users.php 
2026-06-16 12:14:36 ::1 GET /main-project/Invoxa/backend/api/get-users.php 
2026-06-16 12:24:32 ::1 GET /main-project/Invoxa/backend/api/get-users.php 
2026-06-16 12:24:36 ::1 GET /main-project/Invoxa/backend/api/get-company-profile.php 
2026-06-16 12:27:59 ::1 GET /main-project/Invoxa/backend/api/get-company-profile.php 
2026-06-16 12:51:16 ::1 GET /main-project/Invoxa/backend/api/get-company-profile.php 
2026-06-16 12:51:18 ::1 GET /main-project/Invoxa/backend/api/get-user-profile.php 
2026-06-16 12:51:22 ::1 GET /main-project/Invoxa/backend/api/get-users.php 
2026-06-16 12:51:53 ::1 GET /main-project/Invoxa/backend/api/get-users.php 
2026-06-16 12:51:59 ::1 GET /main-project/Invoxa/backend/api/get-user-profile.php 
2026-06-16 12:52:04 ::1 GET /main-project/Invoxa/backend/api/get-company-profile.php 
2026-06-16 12:52:05 ::1 GET /main-project/Invoxa/backend/api/get-user-profile.php 
2026-06-16 13:28:53 ::1 GET /main-project/Invoxa/backend/api/get-company-profile.php 
2026-06-16 16:53:01 ::1 GET /main-project/Invoxa/backend/api/get-company-profile.php 
2026-06-16 17:01:45 ::1 GET /main-project/Invoxa/backend/api/get-company-profile.php 
2026-06-16 17:03:36 ::1 GET /main-project/Invoxa/backend/api/get-company-profile.php 
2026-06-16 17:04:11 ::1 POST /main-project/Invoxa/backend/api/save-company-profile.php 
2026-06-16 17:05:16 ::1 GET /main-project/Invoxa/backend/api/get-user-profile.php 
2026-06-16 17:05:19 ::1 GET /main-project/Invoxa/backend/api/get-company-profile.php 
2026-06-16 17:05:24 ::1 GET /main-project/Invoxa/backend/api/get-company-profile.php 
2026-06-16 17:06:44 ::1 GET /main-project/Invoxa/backend/api/get-company-profile.php 
2026-06-16 17:07:08 ::1 POST /main-project/Invoxa/backend/api/save-company-profile.php 
2026-06-16 17:08:04 ::1 GET /main-project/Invoxa/backend/api/get-users.php 
2026-06-16 17:08:06 ::1 GET /main-project/Invoxa/backend/api/get-user-profile.php 
2026-06-16 17:08:08 ::1 GET /main-project/Invoxa/backend/api/get-company-profile.php 
2026-06-16 17:09:16 ::1 GET /main-project/Invoxa/backend/api/get-company-profile.php 
2026-06-16 17:09:20 ::1 POST /main-project/Invoxa/backend/api/save-company-profile.php 
2026-06-16 17:10:30 ::1 GET /main-project/Invoxa/backend/api/get-company-profile.php 
2026-06-16 17:10:32 ::1 GET /main-project/Invoxa/backend/api/get-user-profile.php 
2026-06-16 17:10:37 ::1 GET /main-project/Invoxa/backend/api/get-users.php 
2026-06-16 17:13:24 ::1 GET /main-project/Invoxa/backend/api/get-users.php 
2026-06-16 17:15:46 ::1 GET /main-project/Invoxa/backend/api/get-users.php 
2026-06-16 17:21:59 ::1 GET /main-project/Invoxa/backend/api/get-company-profile.php 
2026-06-16 17:22:04 ::1 GET /main-project/Invoxa/backend/api/get-user-profile.php 
2026-06-16 17:22:14 ::1 GET /main-project/Invoxa/backend/api/get-company-profile.php 
2026-06-16 17:22:28 ::1 GET /main-project/Invoxa/backend/api/get-user-profile.php 
2026-06-16 17:22:30 ::1 GET /main-project/Invoxa/backend/api/get-company-profile.php 
2026-06-16 17:23:11 ::1 GET /main-project/Invoxa/backend/api/get-user-profile.php 
2026-06-16 17:26:21 ::1 GET /main-project/Invoxa/backend/api/get-company-profile.php 
2026-06-16 17:26:23 ::1 GET /main-project/Invoxa/backend/api/get-user-profile.php 
2026-06-16 17:26:37 ::1 GET /main-project/Invoxa/backend/api/get-users.php 
2026-06-16 17:48:28 ::1 GET /main-project/Invoxa/backend/api/get-users.php 
2026-06-16 17:50:36 ::1 GET /main-project/Invoxa/backend/api/get-users.php 
2026-06-16 17:51:19 ::1 GET /main-project/Invoxa/backend/api/get-users.php 
2026-06-16 17:51:24 ::1 GET /main-project/Invoxa/backend/api/get-users.php 
2026-06-16 17:51:24 ::1 GET /main-project/Invoxa/backend/api/get-users.php 
2026-06-16 18:02:03 ::1 GET /main-project/Invoxa/backend/api/get-users.php 
2026-06-16 18:02:04 ::1 GET /main-project/Invoxa/backend/api/get-users.php 
2026-06-16 18:02:08 ::1 GET /main-project/Invoxa/backend/api/get-user-profile.php 
2026-06-16 18:02:10 ::1 GET /main-project/Invoxa/backend/api/get-company-profile.php 
2026-06-16 18:09:42 ::1 GET /main-project/Invoxa/backend/api/get-users.php 
2026-06-16 18:10:56 ::1 GET /main-project/Invoxa/backend/api/get-user-profile.php 
2026-06-16 18:11:00 ::1 GET /main-project/Invoxa/backend/api/get-users.php 
2026-06-16 18:11:41 ::1 GET /main-project/Invoxa/backend/api/get-company-profile.php 
2026-06-16 18:11:43 ::1 GET /main-project/Invoxa/backend/api/get-user-profile.php 
2026-06-16 18:11:50 ::1 GET /main-project/Invoxa/backend/api/get-user-profile.php 
2026-06-16 18:13:39 ::1 GET /main-project/Invoxa/backend/api/get-users.php 
2026-06-16 18:13:44 ::1 GET /main-project/Invoxa/backend/api/get-user-profile.php 
2026-06-16 18:15:02 ::1 GET /main-project/Invoxa/backend/api/get-users.php 
2026-06-16 18:15:33 ::1 GET /main-project/Invoxa/backend/api/get-users.php 
2026-06-16 18:16:53 ::1 GET /main-project/Invoxa/backend/api/get-users.php 
2026-06-16 18:24:31 ::1 GET /main-project/Invoxa/backend/api/get-users.php 
2026-06-16 18:38:13 ::1 GET /main-project/Invoxa/backend/api/get-user-profile.php 
2026-06-16 18:38:17 ::1 GET /main-project/Invoxa/backend/api/get-users.php 
2026-06-16 18:50:20 ::1 GET /main-project/Invoxa/backend/api/get-users.php 
2026-06-16 18:50:38 ::1 GET /main-project/Invoxa/backend/api/get-company-profile.php 
2026-06-16 18:57:42 ::1 POST /main-project/Invoxa/backend/api/create-invoice.php 
2026-06-16 19:56:26 ::1 GET /main-project/Invoxa/backend/api/get-user-profile.php 
2026-06-16 19:56:28 ::1 GET /main-project/Invoxa/backend/api/get-users.php 
2026-06-16 20:02:54 ::1 GET /main-project/Invoxa/backend/api/get-company-profile.php 
2026-06-17 07:20:14 ::1 GET /main-project/Invoxa/backend/api/get-users.php 
2026-06-17 07:20:15 ::1 GET /main-project/Invoxa/backend/api/get-company-profile.php 
2026-06-17 07:21:31 ::1 POST /main-project/Invoxa/backend/api/create-invoice.php 
2026-06-17 07:22:36 ::1 GET /main-project/Invoxa/backend/api/get-user-profile.php 
2026-06-17 07:23:31 ::1 GET /main-project/Invoxa/backend/api/get-users.php 
2026-06-17 07:26:47 ::1 GET /main-project/Invoxa/backend/api/get-users.php 
2026-06-17 07:27:33 ::1 GET /main-project/Invoxa/backend/api/get-users.php 
2026-06-17 07:30:18 ::1 GET /main-project/Invoxa/backend/api/get-users.php 
2026-06-17 07:35:50 ::1 GET /main-project/Invoxa/backend/api/get-users.php 
2026-06-17 07:37:36 ::1 GET /main-project/Invoxa/backend/api/get-users.php 
2026-06-19 12:55:45 ::1 GET /main-project/Invoxa/backend/api/get-users.php 
2026-06-19 12:58:05 ::1 GET /main-project/Invoxa/backend/api/get-company-profile.php 
2026-06-19 12:58:14 ::1 GET /main-project/Invoxa/backend/api/get-user-profile.php 
2026-06-19 12:58:18 ::1 GET /main-project/Invoxa/backend/api/get-users.php 
2026-06-19 18:06:04 ::1 GET /main-project/Invoxa/backend/api/get-users.php 
2026-06-19 18:57:11 ::1 GET /main-project/Invoxa/backend/api/get-company-profile.php 
2026-06-19 18:57:14 ::1 GET /main-project/Invoxa/backend/api/get-company-profile.php 
2026-06-19 18:57:15 ::1 GET /main-project/Invoxa/backend/api/get-user-profile.php 
2026-06-19 18:57:53 ::1 GET /main-project/Invoxa/backend/api/get-users.php 
2026-06-19 18:57:58 ::1 GET /main-project/Invoxa/backend/api/get-user-profile.php 
2026-06-19 19:03:35 ::1 POST /main-project/Invoxa/backend/api/create-invoice.php 
2026-06-19 19:05:37 ::1 GET /main-project/Invoxa/backend/api/get-company-profile.php 
2026-06-19 19:05:46 ::1 GET /main-project/Invoxa/backend/api/get-user-profile.php 
2026-06-19 19:05:53 ::1 GET /main-project/Invoxa/backend/api/get-users.php 
2026-06-19 19:06:24 ::1 GET /main-project/Invoxa/backend/api/get-user-profile.php 
2026-06-19 19:06:27 ::1 GET /main-project/Invoxa/backend/api/get-users.php 
2026-06-19 19:09:34 ::1 GET /main-project/Invoxa/backend/api/get-users.php 
2026-06-19 20:21:40 ::1 POST /main-project/Invoxa/backend/api/create-invoice.php 
2026-06-19 20:23:30 ::1 GET /main-project/Invoxa/backend/api/get-company-profile.php 
2026-06-19 20:23:38 ::1 GET /main-project/Invoxa/backend/api/get-user-profile.php 
2026-06-19 20:23:45 ::1 GET /main-project/Invoxa/backend/api/get-users.php 
2026-06-19 20:24:14 ::1 GET /main-project/Invoxa/backend/api/get-user-profile.php 
2026-06-19 20:24:17 ::1 GET /main-project/Invoxa/backend/api/get-users.php 
2026-06-19 20:25:09 ::1 POST /main-project/Invoxa/backend/api/add-user.php 
2026-06-19 20:25:09 ::1 GET /main-project/Invoxa/backend/api/get-users.php 
2026-06-19 20:26:30 ::1 GET /main-project/Invoxa/backend/api/get-company-profile.php 
2026-06-19 20:26:39 ::1 GET /main-project/Invoxa/backend/api/get-user-profile.php 
2026-06-19 20:27:30 ::1 GET /main-project/Invoxa/backend/api/get-company-profile.php 
2026-06-19 20:27:33 ::1 GET /main-project/Invoxa/backend/api/get-user-profile.php 
2026-06-19 20:28:13 ::1 GET /main-project/Invoxa/backend/api/get-company-profile.php 
2026-06-19 20:28:17 ::1 GET /main-project/Invoxa/backend/api/get-user-profile.php 
2026-06-19 20:28:20 ::1 GET /main-project/Invoxa/backend/api/get-users.php 
